<?xml version="1.0" encoding="UTF-8"?>
<testsuite xmlns:xsi="http://www.w3.org/2001/XMLSchema-instance" xsi:noNamespaceSchemaLocation="https://maven.apache.org/surefire/maven-surefire-plugin/xsd/surefire-test-report.xsd" name="dao.TaskDaoTest" time="1.694" tests="8" errors="0" skipped="0" failures="0">
  <properties>
    <property name="sun.desktop" value="gnome"/>
    <property name="awt.toolkit" value="sun.awt.X11.XToolkit"/>
    <property name="java.specification.version" value="11"/>
    <property name="sun.cpu.isalist" value=""/>
    <property name="sun.jnu.encoding" value="UTF-8"/>
    <property name="java.class.path" value="/home/melchior/IdeaProjects/javaThree-lesson43/target/test-classes:/home/melchior/IdeaProjects/javaThree-lesson43/target/classes:/home/melchior/.m2/repository/org/postgresql/postgresql/42.2.18/postgresql-42.2.18.jar:/home/melchior/.m2/repository/org/checkerframework/checker-qual/3.5.0/checker-qual-3.5.0.jar:/home/melchior/.m2/repository/org/junit/jupiter/junit-jupiter/5.7.0/junit-jupiter-5.7.0.jar:/home/melchior/.m2/repository/org/junit/jupiter/junit-jupiter-api/5.7.0/junit-jupiter-api-5.7.0.jar:/home/melchior/.m2/repository/org/apiguardian/apiguardian-api/1.1.0/apiguardian-api-1.1.0.jar:/home/melchior/.m2/repository/org/opentest4j/opentest4j/1.2.0/opentest4j-1.2.0.jar:/home/melchior/.m2/repository/org/junit/platform/junit-platform-commons/1.7.0/junit-platform-commons-1.7.0.jar:/home/melchior/.m2/repository/org/junit/jupiter/junit-jupiter-params/5.7.0/junit-jupiter-params-5.7.0.jar:/home/melchior/.m2/repository/org/junit/jupiter/junit-jupiter-engine/5.7.0/junit-jupiter-engine-5.7.0.jar:/home/melchior/.m2/repository/org/junit/platform/junit-platform-engine/1.7.0/junit-platform-engine-1.7.0.jar:/home/melchior/.m2/repository/org/assertj/assertj-core/3.18.1/assertj-core-3.18.1.jar:/home/melchior/.m2/repository/com/opentable/components/otj-pg-embedded/0.13.3/otj-pg-embedded-0.13.3.jar:/home/melchior/.m2/repository/org/slf4j/slf4j-api/1.7.28/slf4j-api-1.7.28.jar:/home/melchior/.m2/repository/org/apache/commons/commons-lang3/3.9/commons-lang3-3.9.jar:/home/melchior/.m2/repository/org/apache/commons/commons-compress/1.19/commons-compress-1.19.jar:/home/melchior/.m2/repository/org/tukaani/xz/1.5/xz-1.5.jar:/home/melchior/.m2/repository/commons-io/commons-io/2.6/commons-io-2.6.jar:/home/melchior/.m2/repository/commons-codec/commons-codec/1.13/commons-codec-1.13.jar:/home/melchior/.m2/repository/com/github/spotbugs/spotbugs-annotations/3.1.12/spotbugs-annotations-3.1.12.jar:/home/melchior/.m2/repository/com/google/code/findbugs/jsr305/3.0.2/jsr305-3.0.2.jar:/home/melchior/.m2/repository/org/slf4j/jcl-over-slf4j/1.7.28/jcl-over-slf4j-1.7.28.jar:/home/melchior/.m2/repository/org/apache/maven/maven-embedder/3.6.3/maven-embedder-3.6.3.jar:/home/melchior/.m2/repository/org/apache/maven/maven-settings/3.6.3/maven-settings-3.6.3.jar:/home/melchior/.m2/repository/org/apache/maven/maven-settings-builder/3.6.3/maven-settings-builder-3.6.3.jar:/home/melchior/.m2/repository/org/apache/maven/maven-core/3.6.3/maven-core-3.6.3.jar:/home/melchior/.m2/repository/org/apache/maven/resolver/maven-resolver-spi/1.4.1/maven-resolver-spi-1.4.1.jar:/home/melchior/.m2/repository/org/eclipse/sisu/org.eclipse.sisu.inject/0.3.4/org.eclipse.sisu.inject-0.3.4.jar:/home/melchior/.m2/repository/org/apache/maven/maven-plugin-api/3.6.3/maven-plugin-api-3.6.3.jar:/home/melchior/.m2/repository/org/apache/maven/maven-model/3.6.3/maven-model-3.6.3.jar:/home/melchior/.m2/repository/org/apache/maven/maven-model-builder/3.6.3/maven-model-builder-3.6.3.jar:/home/melchior/.m2/repository/org/apache/maven/maven-builder-support/3.6.3/maven-builder-support-3.6.3.jar:/home/melchior/.m2/repository/org/apache/maven/resolver/maven-resolver-api/1.4.1/maven-resolver-api-1.4.1.jar:/home/melchior/.m2/repository/org/apache/maven/resolver/maven-resolver-util/1.4.1/maven-resolver-util-1.4.1.jar:/home/melchior/.m2/repository/org/apache/maven/shared/maven-shared-utils/3.2.1/maven-shared-utils-3.2.1.jar:/home/melchior/.m2/repository/com/google/inject/guice/4.2.1/guice-4.2.1-no_aop.jar:/home/melchior/.m2/repository/com/google/guava/guava/25.1-android/guava-25.1-android.jar:/home/melchior/.m2/repository/javax/inject/javax.inject/1/javax.inject-1.jar:/home/melchior/.m2/repository/javax/annotation/jsr250-api/1.0/jsr250-api-1.0.jar:/home/melchior/.m2/repository/org/codehaus/plexus/plexus-utils/3.2.1/plexus-utils-3.2.1.jar:/home/melchior/.m2/repository/org/codehaus/plexus/plexus-classworlds/2.6.0/plexus-classworlds-2.6.0.jar:/home/melchior/.m2/repository/org/eclipse/sisu/org.eclipse.sisu.plexus/0.3.4/org.eclipse.sisu.plexus-0.3.4.jar:/home/melchior/.m2/repository/javax/enterprise/cdi-api/1.0/cdi-api-1.0.jar:/home/melchior/.m2/repository/org/sonatype/plexus/plexus-sec-dispatcher/1.4/plexus-sec-dispatcher-1.4.jar:/home/melchior/.m2/repository/org/sonatype/plexus/plexus-cipher/1.7/plexus-cipher-1.7.jar:/home/melchior/.m2/repository/commons-cli/commons-cli/1.4/commons-cli-1.4.jar:/home/melchior/.m2/repository/org/slf4j/slf4j-simple/1.7.30/slf4j-simple-1.7.30.jar:/home/melchior/.m2/repository/org/apache/maven/maven-compat/3.6.3/maven-compat-3.6.3.jar:/home/melchior/.m2/repository/org/apache/maven/maven-artifact/3.6.3/maven-artifact-3.6.3.jar:/home/melchior/.m2/repository/org/apache/maven/maven-resolver-provider/3.6.3/maven-resolver-provider-3.6.3.jar:/home/melchior/.m2/repository/org/apache/maven/maven-repository-metadata/3.6.3/maven-repository-metadata-3.6.3.jar:/home/melchior/.m2/repository/org/apache/maven/resolver/maven-resolver-impl/1.4.1/maven-resolver-impl-1.4.1.jar:/home/melchior/.m2/repository/org/codehaus/plexus/plexus-interpolation/1.25/plexus-interpolation-1.25.jar:/home/melchior/.m2/repository/org/codehaus/plexus/plexus-component-annotations/2.1.0/plexus-component-annotations-2.1.0.jar:/home/melchior/.m2/repository/org/apache/maven/wagon/wagon-provider-api/3.3.4/wagon-provider-api-3.3.4.jar:"/>
    <property name="java.vm.vendor" value="Red Hat, Inc."/>
    <property name="sun.arch.data.model" value="64"/>
    <property name="java.vendor.url" value="https://www.redhat.com/"/>
    <property name="user.timezone" value=""/>
    <property name="java.vm.specification.version" value="11"/>
    <property name="os.name" value="Linux"/>
    <property name="sun.java.launcher" value="SUN_STANDARD"/>
    <property name="user.country" value="RU"/>
    <property name="sun.boot.library.path" value="/usr/lib/jvm/java-11-openjdk-11.0.18.0.10-1.fc36.x86_64/lib"/>
    <property name="sun.java.command" value="/home/melchior/IdeaProjects/javaThree-lesson43/target/surefire/surefirebooter6918954950401576996.jar /home/melchior/IdeaProjects/javaThree-lesson43/target/surefire 2023-03-29T21-59-20_339-jvmRun1 surefire6739134643667289434tmp surefire_016018095877679590269tmp"/>
    <property name="jdk.debug" value="release"/>
    <property name="surefire.test.class.path" value="/home/melchior/IdeaProjects/javaThree-lesson43/target/test-classes:/home/melchior/IdeaProjects/javaThree-lesson43/target/classes:/home/melchior/.m2/repository/org/postgresql/postgresql/42.2.18/postgresql-42.2.18.jar:/home/melchior/.m2/repository/org/checkerframework/checker-qual/3.5.0/checker-qual-3.5.0.jar:/home/melchior/.m2/repository/org/junit/jupiter/junit-jupiter/5.7.0/junit-jupiter-5.7.0.jar:/home/melchior/.m2/repository/org/junit/jupiter/junit-jupiter-api/5.7.0/junit-jupiter-api-5.7.0.jar:/home/melchior/.m2/repository/org/apiguardian/apiguardian-api/1.1.0/apiguardian-api-1.1.0.jar:/home/melchior/.m2/repository/org/opentest4j/opentest4j/1.2.0/opentest4j-1.2.0.jar:/home/melchior/.m2/repository/org/junit/platform/junit-platform-commons/1.7.0/junit-platform-commons-1.7.0.jar:/home/melchior/.m2/repository/org/junit/jupiter/junit-jupiter-params/5.7.0/junit-jupiter-params-5.7.0.jar:/home/melchior/.m2/repository/org/junit/jupiter/junit-jupiter-engine/5.7.0/junit-jupiter-engine-5.7.0.jar:/home/melchior/.m2/repository/org/junit/platform/junit-platform-engine/1.7.0/junit-platform-engine-1.7.0.jar:/home/melchior/.m2/repository/org/assertj/assertj-core/3.18.1/assertj-core-3.18.1.jar:/home/melchior/.m2/repository/com/opentable/components/otj-pg-embedded/0.13.3/otj-pg-embedded-0.13.3.jar:/home/melchior/.m2/repository/org/slf4j/slf4j-api/1.7.28/slf4j-api-1.7.28.jar:/home/melchior/.m2/repository/org/apache/commons/commons-lang3/3.9/commons-lang3-3.9.jar:/home/melchior/.m2/repository/org/apache/commons/commons-compress/1.19/commons-compress-1.19.jar:/home/melchior/.m2/repository/org/tukaani/xz/1.5/xz-1.5.jar:/home/melchior/.m2/repository/commons-io/commons-io/2.6/commons-io-2.6.jar:/home/melchior/.m2/repository/commons-codec/commons-codec/1.13/commons-codec-1.13.jar:/home/melchior/.m2/repository/com/github/spotbugs/spotbugs-annotations/3.1.12/spotbugs-annotations-3.1.12.jar:/home/melchior/.m2/repository/com/google/code/findbugs/jsr305/3.0.2/jsr305-3.0.2.jar:/home/melchior/.m2/repository/org/slf4j/jcl-over-slf4j/1.7.28/jcl-over-slf4j-1.7.28.jar:/home/melchior/.m2/repository/org/apache/maven/maven-embedder/3.6.3/maven-embedder-3.6.3.jar:/home/melchior/.m2/repository/org/apache/maven/maven-settings/3.6.3/maven-settings-3.6.3.jar:/home/melchior/.m2/repository/org/apache/maven/maven-settings-builder/3.6.3/maven-settings-builder-3.6.3.jar:/home/melchior/.m2/repository/org/apache/maven/maven-core/3.6.3/maven-core-3.6.3.jar:/home/melchior/.m2/repository/org/apache/maven/resolver/maven-resolver-spi/1.4.1/maven-resolver-spi-1.4.1.jar:/home/melchior/.m2/repository/org/eclipse/sisu/org.eclipse.sisu.inject/0.3.4/org.eclipse.sisu.inject-0.3.4.jar:/home/melchior/.m2/repository/org/apache/maven/maven-plugin-api/3.6.3/maven-plugin-api-3.6.3.jar:/home/melchior/.m2/repository/org/apache/maven/maven-model/3.6.3/maven-model-3.6.3.jar:/home/melchior/.m2/repository/org/apache/maven/maven-model-builder/3.6.3/maven-model-builder-3.6.3.jar:/home/melchior/.m2/repository/org/apache/maven/maven-builder-support/3.6.3/maven-builder-support-3.6.3.jar:/home/melchior/.m2/repository/org/apache/maven/resolver/maven-resolver-api/1.4.1/maven-resolver-api-1.4.1.jar:/home/melchior/.m2/repository/org/apache/maven/resolver/maven-resolver-util/1.4.1/maven-resolver-util-1.4.1.jar:/home/melchior/.m2/repository/org/apache/maven/shared/maven-shared-utils/3.2.1/maven-shared-utils-3.2.1.jar:/home/melchior/.m2/repository/com/google/inject/guice/4.2.1/guice-4.2.1-no_aop.jar:/home/melchior/.m2/repository/com/google/guava/guava/25.1-android/guava-25.1-android.jar:/home/melchior/.m2/repository/javax/inject/javax.inject/1/javax.inject-1.jar:/home/melchior/.m2/repository/javax/annotation/jsr250-api/1.0/jsr250-api-1.0.jar:/home/melchior/.m2/repository/org/codehaus/plexus/plexus-utils/3.2.1/plexus-utils-3.2.1.jar:/home/melchior/.m2/repository/org/codehaus/plexus/plexus-classworlds/2.6.0/plexus-classworlds-2.6.0.jar:/home/melchior/.m2/repository/org/eclipse/sisu/org.eclipse.sisu.plexus/0.3.4/org.eclipse.sisu.plexus-0.3.4.jar:/home/melchior/.m2/repository/javax/enterprise/cdi-api/1.0/cdi-api-1.0.jar:/home/melchior/.m2/repository/org/sonatype/plexus/plexus-sec-dispatcher/1.4/plexus-sec-dispatcher-1.4.jar:/home/melchior/.m2/repository/org/sonatype/plexus/plexus-cipher/1.7/plexus-cipher-1.7.jar:/home/melchior/.m2/repository/commons-cli/commons-cli/1.4/commons-cli-1.4.jar:/home/melchior/.m2/repository/org/slf4j/slf4j-simple/1.7.30/slf4j-simple-1.7.30.jar:/home/melchior/.m2/repository/org/apache/maven/maven-compat/3.6.3/maven-compat-3.6.3.jar:/home/melchior/.m2/repository/org/apache/maven/maven-artifact/3.6.3/maven-artifact-3.6.3.jar:/home/melchior/.m2/repository/org/apache/maven/maven-resolver-provider/3.6.3/maven-resolver-provider-3.6.3.jar:/home/melchior/.m2/repository/org/apache/maven/maven-repository-metadata/3.6.3/maven-repository-metadata-3.6.3.jar:/home/melchior/.m2/repository/org/apache/maven/resolver/maven-resolver-impl/1.4.1/maven-resolver-impl-1.4.1.jar:/home/melchior/.m2/repository/org/codehaus/plexus/plexus-interpolation/1.25/plexus-interpolation-1.25.jar:/home/melchior/.m2/repository/org/codehaus/plexus/plexus-component-annotations/2.1.0/plexus-component-annotations-2.1.0.jar:/home/melchior/.m2/repository/org/apache/maven/wagon/wagon-provider-api/3.3.4/wagon-provider-api-3.3.4.jar:"/>
    <property name="sun.cpu.endian" value="little"/>
    <property name="user.home" value="/home/melchior"/>
    <property name="user.language" value="ru"/>
    <property name="java.specification.vendor" value="Oracle Corporation"/>
    <property name="java.version.date" value="2023-01-17"/>
    <property name="java.home" value="/usr/lib/jvm/java-11-openjdk-11.0.18.0.10-1.fc36.x86_64"/>
    <property name="file.separator" value="/"/>
    <property name="basedir" value="/home/melchior/IdeaProjects/javaThree-lesson43"/>
    <property name="java.vm.compressedOopsMode" value="Zero based"/>
    <property name="line.separator" value="&#10;"/>
    <property name="java.specification.name" value="Java Platform API Specification"/>
    <property name="java.vm.specification.vendor" value="Oracle Corporation"/>
    <property name="java.awt.graphicsenv" value="sun.awt.X11GraphicsEnvironment"/>
    <property name="surefire.real.class.path" value="/home/melchior/IdeaProjects/javaThree-lesson43/target/surefire/surefirebooter6918954950401576996.jar"/>
    <property name="sun.management.compiler" value="HotSpot 64-Bit Tiered Compilers"/>
    <property name="java.runtime.version" value="11.0.18+10"/>
    <property name="user.name" value="melchior"/>
    <property name="path.separator" value=":"/>
    <property name="os.version" value="5.19.14-200.fc36.x86_64"/>
    <property name="java.runtime.name" value="OpenJDK Runtime Environment"/>
    <property name="file.encoding" value="UTF-8"/>
    <property name="java.vm.name" value="OpenJDK 64-Bit Server VM"/>
    <property name="java.vendor.version" value="(Red_Hat-11.0.18.0.10-1.fc36)"/>
    <property name="localRepository" value="/home/melchior/.m2/repository"/>
    <property name="java.vendor.url.bug" value="https://bugzilla.redhat.com/enter_bug.cgi?product=Fedora&amp;component=java-11-openjdk&amp;version=36"/>
    <property name="java.io.tmpdir" value="/tmp"/>
    <property name="java.version" value="11.0.18"/>
    <property name="user.dir" value="/home/melchior/IdeaProjects/javaThree-lesson43"/>
    <property name="os.arch" value="amd64"/>
    <property name="java.vm.specification.name" value="Java Virtual Machine Specification"/>
    <property name="java.awt.printerjob" value="sun.print.PSPrinterJob"/>
    <property name="sun.os.patch.level" value="unknown"/>
    <property name="java.library.path" value="/usr/java/packages/lib:/usr/lib64:/lib64:/lib:/usr/lib"/>
    <property name="java.vm.info" value="mixed mode, sharing"/>
    <property name="java.vendor" value="Red Hat, Inc."/>
    <property name="java.vm.version" value="11.0.18+10"/>
    <property name="sun.io.unicode.encoding" value="UnicodeLittle"/>
    <property name="java.class.version" value="55.0"/>
  </properties>
  <testcase name="testFindAllReturnsAllTasks" classname="dao.TaskDaoTest" time="0.167"/>
  <testcase name="testFinishSetsCorrectFlagInDb" classname="dao.TaskDaoTest" time="0.033"/>
  <testcase name="deleteByIdDeletesOnlyNecessaryData" classname="dao.TaskDaoTest" time="0.05"/>
  <testcase name="testFindNotFinishedReturnsCorrectTasks" classname="dao.TaskDaoTest" time="0.048"/>
  <testcase name="testDeleteAllDeletesAllRowsInTasks" classname="dao.TaskDaoTest" time="0.031"/>
  <testcase name="testFindNewestTasksReturnsCorrectTasks" classname="dao.TaskDaoTest" time="0.037"/>
  <testcase name="testSaveSetsId" classname="dao.TaskDaoTest" time="0.013"/>
  <testcase name="testGetByIdReturnsCorrectTask" classname="dao.TaskDaoTest" time="0.018"/>
</testsuite>